# JRE version: Java(TM) SE Runtime Environment (7.0_45-b18) (build 1.7.0_45-b18)
# Java VM: Java HotSpot(TM) Client VM (24.45-b08 mixed mode windows-x86 )
Heap
 def new generation   total 4928K, used 1034K [0x04280000, 0x047d0000, 0x097d0000)
  eden space 4416K,  17% used [0x04280000, 0x04341718, 0x046d0000)
  from space 512K,  50% used [0x046d0000, 0x04711248, 0x04750000)
  to   space 512K,   0% used [0x04750000, 0x04750000, 0x047d0000)
 tenured generation   total 10944K, used 8209K [0x097d0000, 0x0a280000, 0x14280000)
   the space 10944K,  75% used [0x097d0000, 0x09fd4760, 0x09fd4800, 0x0a280000)
 compacting perm gen  total 12288K, used 8508K [0x14280000, 0x14e80000, 0x18280000)
   the space 12288K,  69% used [0x14280000, 0x14acf118, 0x14acf200, 0x14e80000)
GC Heap History (10 events):
Event: 0.312 GC heap before
{Heap before GC invocations=1 (full 0):
 def new generation   total 4928K, used 4925K [0x04280000, 0x047d0000, 0x097d0000)
  eden space 4416K,  99% used [0x04280000, 0x046cf770, 0x046d0000)
  from space 512K, 100% used [0x04750000, 0x047d0000, 0x047d0000)
  to   space 512K,   0% used [0x046d0000, 0x046d0000, 0x04750000)
 tenured generation   total 10944K, used 540K [0x097d0000, 0x0a280000, 0x14280000)
   the space 10944K,   4% used [0x097d0000, 0x098570a8, 0x09857200, 0x0a280000)
 compacting perm gen  total 12288K, used 5381K [0x14280000, 0x14e80000, 0x18280000)
   the space 12288K,  43% used [0x14280000, 0x147c1748, 0x147c1800, 0x14e80000)
No shared spaces configured.
Event: 0.317 GC heap after
Heap after GC invocations=2 (full 0):
 def new generation   total 4928K, used 5K [0x04280000, 0x047d0000, 0x097d0000)
  eden space 4416K,   0% used [0x04280000, 0x04280000, 0x046d0000)
  from space 512K,   0% used [0x046d0000, 0x046d1468, 0x04750000)
  to   space 512K,   0% used [0x04750000, 0x04750000, 0x047d0000)
 tenured generation   total 10944K, used 5216K [0x097d0000, 0x0a280000, 0x14280000)
   the space 10944K,  47% used [0x097d0000, 0x09ce8158, 0x09ce8200, 0x0a280000)
 compacting perm gen  total 12288K, used 5381K [0x14280000, 0x14e80000, 0x18280000)
   the space 12288K,  43% used [0x14280000, 0x147c1748, 0x147c1800, 0x14e80000)
No shared spaces configured.
}
Event: 0.377 GC heap before
{Heap before GC invocations=2 (full 0):
 def new generation   total 4928K, used 4421K [0x04280000, 0x047d0000, 0x097d0000)
  eden space 4416K, 100% used [0x04280000, 0x046d0000, 0x046d0000)
  from space 512K,   0% used [0x046d0000, 0x046d1468, 0x04750000)
  to   space 512K,   0% used [0x04750000, 0x04750000, 0x047d0000)
 tenured generation   total 10944K, used 5216K [0x097d0000, 0x0a280000, 0x14280000)
   the space 10944K,  47% used [0x097d0000, 0x09ce8158, 0x09ce8200, 0x0a280000)
 compacting perm gen  total 12288K, used 5869K [0x14280000, 0x14e80000, 0x18280000)
   the space 12288K,  47% used [0x14280000, 0x1483b5f0, 0x1483b600, 0x14e80000)
No shared spaces configured.
Event: 0.380 GC heap after
Heap after GC invocations=3 (full 0):
 def new generation   total 4928K, used 197K [0x04280000, 0x047d0000, 0x097d0000)
  eden space 4416K,   0% used [0x04280000, 0x04280000, 0x046d0000)
  from space 512K,  38% used [0x04750000, 0x04781468, 0x047d0000)
  to   space 512K,   0% used [0x046d0000, 0x046d0000, 0x04750000)
 tenured generation   total 10944K, used 5216K [0x097d0000, 0x0a280000, 0x14280000)
   the space 10944K,  47% used [0x097d0000, 0x09ce8158, 0x09ce8200, 0x0a280000)
 compacting perm gen  total 12288K, used 5869K [0x14280000, 0x14e80000, 0x18280000)
   the space 12288K,  47% used [0x14280000, 0x1483b5f0, 0x1483b600, 0x14e80000)
No shared spaces configured.
}
Event: 0.576 GC heap before
{Heap before GC invocations=3 (full 0):
 def new generation   total 4928K, used 4613K [0x04280000, 0x047d0000, 0x097d0000)
  eden space 4416K, 100% used [0x04280000, 0x046d0000, 0x046d0000)
  from space 512K,  38% used [0x04750000, 0x04781468, 0x047d0000)
  to   space 512K,   0% used [0x046d0000, 0x046d0000, 0x04750000)
 tenured generation   total 10944K, used 5216K [0x097d0000, 0x0a280000, 0x14280000)
   the space 10944K,  47% used [0x097d0000, 0x09ce8158, 0x09ce8200, 0x0a280000)
 compacting perm gen  total 12288K, used 7539K [0x14280000, 0x14e80000, 0x18280000)
   the space 12288K,  61% used [0x14280000, 0x149dcf90, 0x149dd000, 0x14e80000)
No shared spaces configured.
Event: 0.581 GC heap after
Heap after GC invocations=4 (full 0):
 def new generation   total 4928K, used 512K [0x04280000, 0x047d0000, 0x097d0000)
  eden space 4416K,   0% used [0x04280000, 0x04280000, 0x046d0000)
  from space 512K, 100% used [0x046d0000, 0x04750000, 0x04750000)
  to   space 512K,   0% used [0x04750000, 0x04750000, 0x047d0000)
 tenured generation   total 10944K, used 5910K [0x097d0000, 0x0a280000, 0x14280000)
   the space 10944K,  54% used [0x097d0000, 0x09d95908, 0x09d95a00, 0x0a280000)
 compacting perm gen  total 12288K, used 7539K [0x14280000, 0x14e80000, 0x18280000)
   the space 12288K,  61% used [0x14280000, 0x149dcf90, 0x149dd000, 0x14e80000)
No shared spaces configured.
}
Event: 0.654 GC heap before
{Heap before GC invocations=4 (full 0):
 def new generation   total 4928K, used 4928K [0x04280000, 0x047d0000, 0x097d0000)
  eden space 4416K, 100% used [0x04280000, 0x046d0000, 0x046d0000)
  from space 512K, 100% used [0x046d0000, 0x04750000, 0x04750000)
  to   space 512K,   0% used [0x04750000, 0x04750000, 0x047d0000)
 tenured generation   total 10944K, used 5910K [0x097d0000, 0x0a280000, 0x14280000)
   the space 10944K,  54% used [0x097d0000, 0x09d95908, 0x09d95a00, 0x0a280000)
 compacting perm gen  total 12288K, used 7556K [0x14280000, 0x14e80000, 0x18280000)
   the space 12288K,  61% used [0x14280000, 0x149e12f8, 0x149e1400, 0x14e80000)
No shared spaces configured.
Event: 0.658 GC heap after
Heap after GC invocations=5 (full 0):
 def new generation   total 4928K, used 512K [0x04280000, 0x047d0000, 0x097d0000)
  eden space 4416K,   0% used [0x04280000, 0x04280000, 0x046d0000)
  from space 512K, 100% used [0x04750000, 0x047d0000, 0x047d0000)
  to   space 512K,   0% used [0x046d0000, 0x046d0000, 0x04750000)
 tenured generation   total 10944K, used 6465K [0x097d0000, 0x0a280000, 0x14280000)
   the space 10944K,  59% used [0x097d0000, 0x09e207a8, 0x09e20800, 0x0a280000)
 compacting perm gen  total 12288K, used 7556K [0x14280000, 0x14e80000, 0x18280000)
   the space 12288K,  61% used [0x14280000, 0x149e12f8, 0x149e1400, 0x14e80000)
No shared spaces configured.
}
Event: 55.196 GC heap before
{Heap before GC invocations=5 (full 0):
 def new generation   total 4928K, used 4928K [0x04280000, 0x047d0000, 0x097d0000)
  eden space 4416K, 100% used [0x04280000, 0x046d0000, 0x046d0000)
  from space 512K, 100% used [0x04750000, 0x047d0000, 0x047d0000)
  to   space 512K,   0% used [0x046d0000, 0x046d0000, 0x04750000)
 tenured generation   total 10944K, used 6465K [0x097d0000, 0x0a280000, 0x14280000)
   the space 10944K,  59% used [0x097d0000, 0x09e207a8, 0x09e20800, 0x0a280000)
 compacting perm gen  total 12288K, used 8202K [0x14280000, 0x14e80000, 0x18280000)
   the space 12288K,  66% used [0x14280000, 0x14a82b00, 0x14a82c00, 0x14e80000)
No shared spaces configured.
Event: 55.203 GC heap after
Heap after GC invocations=6 (full 0):
 def new generation   total 4928K, used 260K [0x04280000, 0x047d0000, 0x097d0000)
  eden space 4416K,   0% used [0x04280000, 0x04280000, 0x046d0000)
  from space 512K,  50% used [0x046d0000, 0x04711248, 0x04750000)
  to   space 512K,   0% used [0x04750000, 0x04750000, 0x047d0000)
 tenured generation   total 10944K, used 8209K [0x097d0000, 0x0a280000, 0x14280000)
   the space 10944K,  75% used [0x097d0000, 0x09fd4760, 0x09fd4800, 0x0a280000)
 compacting perm gen  total 12288K, used 8202K [0x14280000, 0x14e80000, 0x18280000)
   the space 12288K,  66% used [0x14280000, 0x14a82b00, 0x14a82c00, 0x14e80000)
No shared spaces configured.
}

